[      76ms] [ERROR] Failed to find a valid digest in the 'integrity' attribute for resource 'https://cdn.jsdelivr.net/npm/bootstrap@5.3.3/dist/css/bootstrap.min.css' with computed SHA-384 integrity 'QWTKZyjpPEjISv5WaRU9OFeRpok6YctnYmDr5pNlyT2bRjXh0JMhjY6hW+ALEwIH'. The resource has been blocked. @ http://localhost:5024/:0
[79601712ms] [ERROR] [2026-03-31T19:10:51.265Z] Error: Connection disconnected with error 'Error: WebSocket closed with status code: 1006 (no reason given).'. @ http://localhost:5024/_framework/blazor.web.js:0
[79604084ms] [ERROR] Failed to load resource: net::ERR_CONNECTION_REFUSED @ http://localhost:5024/_blazor/negotiate?negotiateVersion=1:0
[79604085ms] [WARNING] [2026-03-31T19:10:53.638Z] Warning: Error from HTTP request. TypeError: Failed to fetch. @ http://localhost:5024/_framework/blazor.web.js:0
[79604085ms] [ERROR] [2026-03-31T19:10:53.638Z] Error: Failed to complete negotiation with the server: TypeError: Failed to fetch @ http://localhost:5024/_framework/blazor.web.js:0
[79604085ms] [ERROR] [2026-03-31T19:10:53.638Z] Error: Failed to start the connection: Error: Failed to complete negotiation with the server: TypeError: Failed to fetch @ http://localhost:5024/_framework/blazor.web.js:0
[79604085ms] [ERROR] [2026-03-31T19:10:53.639Z] Error: Error: Failed to complete negotiation with the server: TypeError: Failed to fetch @ http://localhost:5024/_framework/blazor.web.js:0
[79604085ms] [ERROR] [2026-03-31T19:10:53.639Z] Error: Error: Failed to complete negotiation with the server: TypeError: Failed to fetch @ http://localhost:5024/_framework/blazor.web.js:0
[79604348ms] [ERROR] Failed to load resource: net::ERR_CONNECTION_REFUSED @ http://localhost:5024/_blazor/negotiate?negotiateVersion=1:0
[79604348ms] [WARNING] [2026-03-31T19:10:53.902Z] Warning: Error from HTTP request. TypeError: Failed to fetch. @ http://localhost:5024/_framework/blazor.web.js:0
[79604349ms] [ERROR] [2026-03-31T19:10:53.902Z] Error: Failed to complete negotiation with the server: TypeError: Failed to fetch @ http://localhost:5024/_framework/blazor.web.js:0
[79604349ms] [ERROR] [2026-03-31T19:10:53.902Z] Error: Failed to start the connection: Error: Failed to complete negotiation with the server: TypeError: Failed to fetch @ http://localhost:5024/_framework/blazor.web.js:0
[79604349ms] [ERROR] [2026-03-31T19:10:53.902Z] Error: Error: Failed to complete negotiation with the server: TypeError: Failed to fetch @ http://localhost:5024/_framework/blazor.web.js:0
[79604349ms] [ERROR] [2026-03-31T19:10:53.902Z] Error: Error: Failed to complete negotiation with the server: TypeError: Failed to fetch @ http://localhost:5024/_framework/blazor.web.js:0
[79606444ms] [ERROR] Failed to load resource: net::ERR_CONNECTION_REFUSED @ http://localhost:5024/_blazor/negotiate?negotiateVersion=1:0
[79606444ms] [WARNING] [2026-03-31T19:10:55.998Z] Warning: Error from HTTP request. TypeError: Failed to fetch. @ http://localhost:5024/_framework/blazor.web.js:0
[79606445ms] [ERROR] [2026-03-31T19:10:55.998Z] Error: Failed to complete negotiation with the server: TypeError: Failed to fetch @ http://localhost:5024/_framework/blazor.web.js:0
[79606445ms] [ERROR] [2026-03-31T19:10:55.998Z] Error: Failed to start the connection: Error: Failed to complete negotiation with the server: TypeError: Failed to fetch @ http://localhost:5024/_framework/blazor.web.js:0
[79606445ms] [ERROR] [2026-03-31T19:10:55.998Z] Error: Error: Failed to complete negotiation with the server: TypeError: Failed to fetch @ http://localhost:5024/_framework/blazor.web.js:0
[79606445ms] [ERROR] [2026-03-31T19:10:55.998Z] Error: Error: Failed to complete negotiation with the server: TypeError: Failed to fetch @ http://localhost:5024/_framework/blazor.web.js:0
[79606709ms] [ERROR] Failed to load resource: net::ERR_CONNECTION_REFUSED @ http://localhost:5024/_blazor/negotiate?negotiateVersion=1:0
[79606709ms] [WARNING] [2026-03-31T19:10:56.263Z] Warning: Error from HTTP request. TypeError: Failed to fetch. @ http://localhost:5024/_framework/blazor.web.js:0
[79606709ms] [ERROR] [2026-03-31T19:10:56.263Z] Error: Failed to complete negotiation with the server: TypeError: Failed to fetch @ http://localhost:5024/_framework/blazor.web.js:0
[79606710ms] [ERROR] [2026-03-31T19:10:56.263Z] Error: Failed to start the connection: Error: Failed to complete negotiation with the server: TypeError: Failed to fetch @ http://localhost:5024/_framework/blazor.web.js:0
[79606710ms] [ERROR] [2026-03-31T19:10:56.263Z] Error: Error: Failed to complete negotiation with the server: TypeError: Failed to fetch @ http://localhost:5024/_framework/blazor.web.js:0
[79606710ms] [ERROR] [2026-03-31T19:10:56.263Z] Error: Error: Failed to complete negotiation with the server: TypeError: Failed to fetch @ http://localhost:5024/_framework/blazor.web.js:0
[79608809ms] [ERROR] Failed to load resource: net::ERR_CONNECTION_REFUSED @ http://localhost:5024/_blazor/negotiate?negotiateVersion=1:0
[79608809ms] [WARNING] [2026-03-31T19:10:58.363Z] Warning: Error from HTTP request. TypeError: Failed to fetch. @ http://localhost:5024/_framework/blazor.web.js:0
[79608809ms] [ERROR] [2026-03-31T19:10:58.363Z] Error: Failed to complete negotiation with the server: TypeError: Failed to fetch @ http://localhost:5024/_framework/blazor.web.js:0
[79608809ms] [ERROR] [2026-03-31T19:10:58.363Z] Error: Failed to start the connection: Error: Failed to complete negotiation with the server: TypeError: Failed to fetch @ http://localhost:5024/_framework/blazor.web.js:0
[79608809ms] [ERROR] [2026-03-31T19:10:58.363Z] Error: Error: Failed to complete negotiation with the server: TypeError: Failed to fetch @ http://localhost:5024/_framework/blazor.web.js:0
[79608809ms] [ERROR] [2026-03-31T19:10:58.363Z] Error: Error: Failed to complete negotiation with the server: TypeError: Failed to fetch @ http://localhost:5024/_framework/blazor.web.js:0
[79609076ms] [ERROR] Failed to load resource: net::ERR_CONNECTION_REFUSED @ http://localhost:5024/_blazor/negotiate?negotiateVersion=1:0
[79609076ms] [WARNING] [2026-03-31T19:10:58.629Z] Warning: Error from HTTP request. TypeError: Failed to fetch. @ http://localhost:5024/_framework/blazor.web.js:0
[79609076ms] [ERROR] [2026-03-31T19:10:58.629Z] Error: Failed to complete negotiation with the server: TypeError: Failed to fetch @ http://localhost:5024/_framework/blazor.web.js:0
[79609076ms] [ERROR] [2026-03-31T19:10:58.629Z] Error: Failed to start the connection: Error: Failed to complete negotiation with the server: TypeError: Failed to fetch @ http://localhost:5024/_framework/blazor.web.js:0
[79609076ms] [ERROR] [2026-03-31T19:10:58.629Z] Error: Error: Failed to complete negotiation with the server: TypeError: Failed to fetch @ http://localhost:5024/_framework/blazor.web.js:0
[79609076ms] [ERROR] [2026-03-31T19:10:58.630Z] Error: Error: Failed to complete negotiation with the server: TypeError: Failed to fetch @ http://localhost:5024/_framework/blazor.web.js:0
[79610638ms] [ERROR] Failed to find a valid digest in the 'integrity' attribute for resource 'https://cdn.jsdelivr.net/npm/bootstrap@5.3.3/dist/css/bootstrap.min.css' with computed SHA-384 integrity 'QWTKZyjpPEjISv5WaRU9OFeRpok6YctnYmDr5pNlyT2bRjXh0JMhjY6hW+ALEwIH'. The resource has been blocked. @ http://localhost:5024/courses:0
[80144158ms] [ERROR] [2026-03-31T19:19:53.711Z] Error: Connection disconnected with error 'Error: WebSocket closed with status code: 1006 (no reason given).'. @ http://localhost:5024/_framework/blazor.web.js:0
[80146530ms] [ERROR] Failed to load resource: net::ERR_CONNECTION_REFUSED @ http://localhost:5024/_blazor/negotiate?negotiateVersion=1:0
[80146530ms] [WARNING] [2026-03-31T19:19:56.083Z] Warning: Error from HTTP request. TypeError: Failed to fetch. @ http://localhost:5024/_framework/blazor.web.js:0
[80146530ms] [ERROR] [2026-03-31T19:19:56.084Z] Error: Failed to complete negotiation with the server: TypeError: Failed to fetch @ http://localhost:5024/_framework/blazor.web.js:0
[80146531ms] [ERROR] [2026-03-31T19:19:56.084Z] Error: Failed to start the connection: Error: Failed to complete negotiation with the server: TypeError: Failed to fetch @ http://localhost:5024/_framework/blazor.web.js:0
[80146531ms] [ERROR] [2026-03-31T19:19:56.085Z] Error: Error: Failed to complete negotiation with the server: TypeError: Failed to fetch @ http://localhost:5024/_framework/blazor.web.js:0
[80146531ms] [ERROR] [2026-03-31T19:19:56.085Z] Error: Error: Failed to complete negotiation with the server: TypeError: Failed to fetch @ http://localhost:5024/_framework/blazor.web.js:0
[80146766ms] [ERROR] Failed to load resource: net::ERR_CONNECTION_REFUSED @ http://localhost:5024/_blazor/negotiate?negotiateVersion=1:0
[80146766ms] [WARNING] [2026-03-31T19:19:56.320Z] Warning: Error from HTTP request. TypeError: Failed to fetch. @ http://localhost:5024/_framework/blazor.web.js:0
[80146767ms] [ERROR] [2026-03-31T19:19:56.320Z] Error: Failed to complete negotiation with the server: TypeError: Failed to fetch @ http://localhost:5024/_framework/blazor.web.js:0
[80146767ms] [ERROR] [2026-03-31T19:19:56.320Z] Error: Failed to start the connection: Error: Failed to complete negotiation with the server: TypeError: Failed to fetch @ http://localhost:5024/_framework/blazor.web.js:0
[80146767ms] [ERROR] [2026-03-31T19:19:56.320Z] Error: Error: Failed to complete negotiation with the server: TypeError: Failed to fetch @ http://localhost:5024/_framework/blazor.web.js:0
[80146767ms] [ERROR] [2026-03-31T19:19:56.321Z] Error: Error: Failed to complete negotiation with the server: TypeError: Failed to fetch @ http://localhost:5024/_framework/blazor.web.js:0
[80148897ms] [ERROR] Failed to load resource: net::ERR_CONNECTION_REFUSED @ http://localhost:5024/_blazor/negotiate?negotiateVersion=1:0
[80148898ms] [WARNING] [2026-03-31T19:19:58.451Z] Warning: Error from HTTP request. TypeError: Failed to fetch. @ http://localhost:5024/_framework/blazor.web.js:0
[80148898ms] [ERROR] [2026-03-31T19:19:58.451Z] Error: Failed to complete negotiation with the server: TypeError: Failed to fetch @ http://localhost:5024/_framework/blazor.web.js:0
[80148898ms] [ERROR] [2026-03-31T19:19:58.452Z] Error: Failed to start the connection: Error: Failed to complete negotiation with the server: TypeError: Failed to fetch @ http://localhost:5024/_framework/blazor.web.js:0
[80148898ms] [ERROR] [2026-03-31T19:19:58.452Z] Error: Error: Failed to complete negotiation with the server: TypeError: Failed to fetch @ http://localhost:5024/_framework/blazor.web.js:0
[80148898ms] [ERROR] [2026-03-31T19:19:58.452Z] Error: Error: Failed to complete negotiation with the server: TypeError: Failed to fetch @ http://localhost:5024/_framework/blazor.web.js:0
[80149130ms] [ERROR] Failed to load resource: net::ERR_CONNECTION_REFUSED @ http://localhost:5024/_blazor/negotiate?negotiateVersion=1:0
[80149130ms] [WARNING] [2026-03-31T19:19:58.683Z] Warning: Error from HTTP request. TypeError: Failed to fetch. @ http://localhost:5024/_framework/blazor.web.js:0
[80149130ms] [ERROR] [2026-03-31T19:19:58.683Z] Error: Failed to complete negotiation with the server: TypeError: Failed to fetch @ http://localhost:5024/_framework/blazor.web.js:0
[80149130ms] [ERROR] [2026-03-31T19:19:58.683Z] Error: Failed to start the connection: Error: Failed to complete negotiation with the server: TypeError: Failed to fetch @ http://localhost:5024/_framework/blazor.web.js:0
[80149130ms] [ERROR] [2026-03-31T19:19:58.684Z] Error: Error: Failed to complete negotiation with the server: TypeError: Failed to fetch @ http://localhost:5024/_framework/blazor.web.js:0
[80149130ms] [ERROR] [2026-03-31T19:19:58.684Z] Error: Error: Failed to complete negotiation with the server: TypeError: Failed to fetch @ http://localhost:5024/_framework/blazor.web.js:0
[80151234ms] [ERROR] Failed to load resource: net::ERR_CONNECTION_REFUSED @ http://localhost:5024/_blazor/negotiate?negotiateVersion=1:0
[80151235ms] [WARNING] [2026-03-31T19:20:00.788Z] Warning: Error from HTTP request. TypeError: Failed to fetch. @ http://localhost:5024/_framework/blazor.web.js:0
[80151235ms] [ERROR] [2026-03-31T19:20:00.788Z] Error: Failed to complete negotiation with the server: TypeError: Failed to fetch @ http://localhost:5024/_framework/blazor.web.js:0
[80151235ms] [ERROR] [2026-03-31T19:20:00.789Z] Error: Failed to start the connection: Error: Failed to complete negotiation with the server: TypeError: Failed to fetch @ http://localhost:5024/_framework/blazor.web.js:0
[80151235ms] [ERROR] [2026-03-31T19:20:00.789Z] Error: Error: Failed to complete negotiation with the server: TypeError: Failed to fetch @ http://localhost:5024/_framework/blazor.web.js:0
[80151236ms] [ERROR] [2026-03-31T19:20:00.789Z] Error: Error: Failed to complete negotiation with the server: TypeError: Failed to fetch @ http://localhost:5024/_framework/blazor.web.js:0
[80151452ms] [ERROR] Failed to load resource: net::ERR_CONNECTION_REFUSED @ http://localhost:5024/_blazor/negotiate?negotiateVersion=1:0
[80151453ms] [WARNING] [2026-03-31T19:20:01.006Z] Warning: Error from HTTP request. TypeError: Failed to fetch. @ http://localhost:5024/_framework/blazor.web.js:0
[80151453ms] [ERROR] [2026-03-31T19:20:01.006Z] Error: Failed to complete negotiation with the server: TypeError: Failed to fetch @ http://localhost:5024/_framework/blazor.web.js:0
[80151453ms] [ERROR] [2026-03-31T19:20:01.006Z] Error: Failed to start the connection: Error: Failed to complete negotiation with the server: TypeError: Failed to fetch @ http://localhost:5024/_framework/blazor.web.js:0
[80151453ms] [ERROR] [2026-03-31T19:20:01.007Z] Error: Error: Failed to complete negotiation with the server: TypeError: Failed to fetch @ http://localhost:5024/_framework/blazor.web.js:0
[80151453ms] [ERROR] [2026-03-31T19:20:01.007Z] Error: Error: Failed to complete negotiation with the server: TypeError: Failed to fetch @ http://localhost:5024/_framework/blazor.web.js:0
[80153576ms] [ERROR] Failed to load resource: net::ERR_CONNECTION_REFUSED @ http://localhost:5024/_blazor/negotiate?negotiateVersion=1:0
[80153576ms] [WARNING] [2026-03-31T19:20:03.129Z] Warning: Error from HTTP request. TypeError: Failed to fetch. @ http://localhost:5024/_framework/blazor.web.js:0
[80153576ms] [ERROR] [2026-03-31T19:20:03.130Z] Error: Failed to complete negotiation with the server: TypeError: Failed to fetch @ http://localhost:5024/_framework/blazor.web.js:0
[80153576ms] [ERROR] [2026-03-31T19:20:03.130Z] Error: Failed to start the connection: Error: Failed to complete negotiation with the server: TypeError: Failed to fetch @ http://localhost:5024/_framework/blazor.web.js:0
[80153576ms] [ERROR] [2026-03-31T19:20:03.130Z] Error: Error: Failed to complete negotiation with the server: TypeError: Failed to fetch @ http://localhost:5024/_framework/blazor.web.js:0
[80153577ms] [ERROR] [2026-03-31T19:20:03.130Z] Error: Error: Failed to complete negotiation with the server: TypeError: Failed to fetch @ http://localhost:5024/_framework/blazor.web.js:0
[80153803ms] [ERROR] Failed to load resource: net::ERR_CONNECTION_REFUSED @ http://localhost:5024/_blazor/negotiate?negotiateVersion=1:0
[80153803ms] [WARNING] [2026-03-31T19:20:03.357Z] Warning: Error from HTTP request. TypeError: Failed to fetch. @ http://localhost:5024/_framework/blazor.web.js:0
[80153803ms] [ERROR] [2026-03-31T19:20:03.357Z] Error: Failed to complete negotiation with the server: TypeError: Failed to fetch @ http://localhost:5024/_framework/blazor.web.js:0
[80153803ms] [ERROR] [2026-03-31T19:20:03.357Z] Error: Failed to start the connection: Error: Failed to complete negotiation with the server: TypeError: Failed to fetch @ http://localhost:5024/_framework/blazor.web.js:0
[80153804ms] [ERROR] [2026-03-31T19:20:03.357Z] Error: Error: Failed to complete negotiation with the server: TypeError: Failed to fetch @ http://localhost:5024/_framework/blazor.web.js:0
[80153804ms] [ERROR] [2026-03-31T19:20:03.357Z] Error: Error: Failed to complete negotiation with the server: TypeError: Failed to fetch @ http://localhost:5024/_framework/blazor.web.js:0
[80155911ms] [ERROR] Failed to load resource: net::ERR_CONNECTION_REFUSED @ http://localhost:5024/_blazor/negotiate?negotiateVersion=1:0
[80155911ms] [WARNING] [2026-03-31T19:20:05.465Z] Warning: Error from HTTP request. TypeError: Failed to fetch. @ http://localhost:5024/_framework/blazor.web.js:0
[80155911ms] [ERROR] [2026-03-31T19:20:05.465Z] Error: Failed to complete negotiation with the server: TypeError: Failed to fetch @ http://localhost:5024/_framework/blazor.web.js:0
[80155911ms] [ERROR] [2026-03-31T19:20:05.465Z] Error: Failed to start the connection: Error: Failed to complete negotiation with the server: TypeError: Failed to fetch @ http://localhost:5024/_framework/blazor.web.js:0
[80155912ms] [ERROR] [2026-03-31T19:20:05.465Z] Error: Error: Failed to complete negotiation with the server: TypeError: Failed to fetch @ http://localhost:5024/_framework/blazor.web.js:0
[80155912ms] [ERROR] [2026-03-31T19:20:05.465Z] Error: Error: Failed to complete negotiation with the server: TypeError: Failed to fetch @ http://localhost:5024/_framework/blazor.web.js:0
[80156145ms] [ERROR] Failed to load resource: net::ERR_CONNECTION_REFUSED @ http://localhost:5024/_blazor/negotiate?negotiateVersion=1:0
[80156145ms] [WARNING] [2026-03-31T19:20:05.698Z] Warning: Error from HTTP request. TypeError: Failed to fetch. @ http://localhost:5024/_framework/blazor.web.js:0
[80156145ms] [ERROR] [2026-03-31T19:20:05.699Z] Error: Failed to complete negotiation with the server: TypeError: Failed to fetch @ http://localhost:5024/_framework/blazor.web.js:0
[80156145ms] [ERROR] [2026-03-31T19:20:05.699Z] Error: Failed to start the connection: Error: Failed to complete negotiation with the server: TypeError: Failed to fetch @ http://localhost:5024/_framework/blazor.web.js:0
[80156145ms] [ERROR] [2026-03-31T19:20:05.699Z] Error: Error: Failed to complete negotiation with the server: TypeError: Failed to fetch @ http://localhost:5024/_framework/blazor.web.js:0
[80156146ms] [ERROR] [2026-03-31T19:20:05.699Z] Error: Error: Failed to complete negotiation with the server: TypeError: Failed to fetch @ http://localhost:5024/_framework/blazor.web.js:0
[80163498ms] [ERROR] Failed to load resource: net::ERR_CONNECTION_REFUSED @ http://localhost:5024/_blazor/negotiate?negotiateVersion=1:0
[80163498ms] [WARNING] [2026-03-31T19:20:13.051Z] Warning: Error from HTTP request. TypeError: Failed to fetch. @ http://localhost:5024/_framework/blazor.web.js:0
[80163498ms] [ERROR] [2026-03-31T19:20:13.052Z] Error: Failed to complete negotiation with the server: TypeError: Failed to fetch @ http://localhost:5024/_framework/blazor.web.js:0
[80163498ms] [ERROR] [2026-03-31T19:20:13.052Z] Error: Failed to start the connection: Error: Failed to complete negotiation with the server: TypeError: Failed to fetch @ http://localhost:5024/_framework/blazor.web.js:0
[80163498ms] [ERROR] [2026-03-31T19:20:13.052Z] Error: Error: Failed to complete negotiation with the server: TypeError: Failed to fetch @ http://localhost:5024/_framework/blazor.web.js:0
[80163498ms] [ERROR] [2026-03-31T19:20:13.052Z] Error: Error: Failed to complete negotiation with the server: TypeError: Failed to fetch @ http://localhost:5024/_framework/blazor.web.js:0
[80168557ms] [ERROR] Failed to find a valid digest in the 'integrity' attribute for resource 'https://cdn.jsdelivr.net/npm/bootstrap@5.3.3/dist/css/bootstrap.min.css' with computed SHA-384 integrity 'QWTKZyjpPEjISv5WaRU9OFeRpok6YctnYmDr5pNlyT2bRjXh0JMhjY6hW+ALEwIH'. The resource has been blocked. @ http://localhost:5024/courses:5
